#! /opt/homebrew/Cellar/icarus-verilog/12.0/bin/vvp
:ivl_version "12.0 (stable)";
:ivl_delay_selection "TYPICAL";
:vpi_time_precision - 10;
:vpi_module "/opt/homebrew/Cellar/icarus-verilog/12.0/lib/ivl/system.vpi";
:vpi_module "/opt/homebrew/Cellar/icarus-verilog/12.0/lib/ivl/vhdl_sys.vpi";
:vpi_module "/opt/homebrew/Cellar/icarus-verilog/12.0/lib/ivl/vhdl_textio.vpi";
:vpi_module "/opt/homebrew/Cellar/icarus-verilog/12.0/lib/ivl/v2005_math.vpi";
:vpi_module "/opt/homebrew/Cellar/icarus-verilog/12.0/lib/ivl/va_math.vpi";
:vpi_module "/opt/homebrew/Cellar/icarus-verilog/12.0/lib/ivl/v2009.vpi";
S_0x14cf29e00 .scope package, "$unit" "$unit" 2 1;
 .timescale 0 0;
S_0x14cf2b3e0 .scope module, "chip_7458_tb" "chip_7458_tb" 3 3;
 .timescale -9 -10;
L_0x14cf50760 .functor XOR 1, L_0x14cf50630, v0x14cf4f8e0_0, C4<0>, C4<0>;
L_0x14cf507d0 .functor XOR 1, L_0x14cf504c0, v0x14cf4fde0_0, C4<0>, C4<0>;
L_0x14cf50840 .functor OR 1, L_0x14cf50760, L_0x14cf507d0, C4<0>, C4<0>;
v0x14cf4f1d0_0 .net *"_ivl_0", 0 0, L_0x14cf50760;  1 drivers
v0x14cf4f260_0 .net *"_ivl_2", 0 0, L_0x14cf507d0;  1 drivers
v0x14cf4f2f0_0 .var "isErr", 0 0;
v0x14cf4f380_0 .net "mismatch", 0 0, L_0x14cf50840;  1 drivers
v0x14cf4f410_0 .var "p1a", 0 0;
v0x14cf4f4a0_0 .var "p1b", 0 0;
v0x14cf4f530_0 .var "p1c", 0 0;
v0x14cf4f5e0_0 .var "p1d", 0 0;
v0x14cf4f690_0 .var "p1e", 0 0;
v0x14cf4f7c0_0 .var "p1f", 0 0;
v0x14cf4f850_0 .net "p1y", 0 0, L_0x14cf50630;  1 drivers
v0x14cf4f8e0_0 .var "p1y_compare", 0 0;
v0x14cf4f970_0 .var "p2a", 0 0;
v0x14cf4fa20_0 .var "p2b", 0 0;
v0x14cf4fad0_0 .var "p2c", 0 0;
v0x14cf4fb80_0 .var "p2d", 0 0;
v0x14cf4fc30_0 .net "p2y", 0 0, L_0x14cf504c0;  1 drivers
v0x14cf4fde0_0 .var "p2y_compare", 0 0;
v0x14cf4fe70_0 .var "time_of_err", 15 0;
E_0x14cf0a410 .event posedge, v0x14cf4f380_0;
E_0x14cf08f50 .event "gen_result";
S_0x14cf29a30 .scope module, "chip_7458_mod0" "chip_7458" 3 15, 4 1 0, S_0x14cf2b3e0;
 .timescale 0 0;
    .port_info 0 /INPUT 1 "p1a";
    .port_info 1 /INPUT 1 "p1b";
    .port_info 2 /INPUT 1 "p1c";
    .port_info 3 /INPUT 1 "p1d";
    .port_info 4 /INPUT 1 "p1e";
    .port_info 5 /INPUT 1 "p1f";
    .port_info 6 /OUTPUT 1 "p1y";
    .port_info 7 /INPUT 1 "p2a";
    .port_info 8 /INPUT 1 "p2b";
    .port_info 9 /INPUT 1 "p2c";
    .port_info 10 /INPUT 1 "p2d";
    .port_info 11 /OUTPUT 1 "p2y";
L_0x14cf4f720 .functor AND 1, v0x14cf4f970_0, v0x14cf4fa20_0, C4<1>, C4<1>;
L_0x14cf4ffc0 .functor AND 1, v0x14cf4fad0_0, v0x14cf4fb80_0, C4<1>, C4<1>;
L_0x14cf500b0 .functor AND 1, v0x14cf4f410_0, v0x14cf4f530_0, C4<1>, C4<1>;
L_0x14cf501a0 .functor AND 1, L_0x14cf500b0, v0x14cf4f4a0_0, C4<1>, C4<1>;
L_0x14cf502b0 .functor AND 1, v0x14cf4f7c0_0, v0x14cf4f690_0, C4<1>, C4<1>;
L_0x14cf503d0 .functor AND 1, L_0x14cf502b0, v0x14cf4f5e0_0, C4<1>, C4<1>;
L_0x14cf504c0 .functor OR 1, L_0x14cf4f720, L_0x14cf4ffc0, C4<0>, C4<0>;
L_0x14cf50630 .functor OR 1, L_0x14cf501a0, L_0x14cf503d0, C4<0>, C4<0>;
v0x14cf3f820_0 .net *"_ivl_5", 0 0, L_0x14cf500b0;  1 drivers
v0x14cf4e4c0_0 .net *"_ivl_9", 0 0, L_0x14cf502b0;  1 drivers
v0x14cf4e560_0 .net "p1a", 0 0, v0x14cf4f410_0;  1 drivers
v0x14cf4e5f0_0 .net "p1b", 0 0, v0x14cf4f4a0_0;  1 drivers
v0x14cf4e690_0 .net "p1c", 0 0, v0x14cf4f530_0;  1 drivers
v0x14cf4e770_0 .net "p1d", 0 0, v0x14cf4f5e0_0;  1 drivers
v0x14cf4e810_0 .net "p1e", 0 0, v0x14cf4f690_0;  1 drivers
v0x14cf4e8b0_0 .net "p1f", 0 0, v0x14cf4f7c0_0;  1 drivers
v0x14cf4e950_0 .net "p1y", 0 0, L_0x14cf50630;  alias, 1 drivers
v0x14cf4ea60_0 .net "p2a", 0 0, v0x14cf4f970_0;  1 drivers
v0x14cf4eaf0_0 .net "p2b", 0 0, v0x14cf4fa20_0;  1 drivers
v0x14cf4eb90_0 .net "p2c", 0 0, v0x14cf4fad0_0;  1 drivers
v0x14cf4ec30_0 .net "p2d", 0 0, v0x14cf4fb80_0;  1 drivers
v0x14cf4ecd0_0 .net "p2y", 0 0, L_0x14cf504c0;  alias, 1 drivers
v0x14cf4ed70_0 .net "temp1", 0 0, L_0x14cf4f720;  1 drivers
v0x14cf4ee10_0 .net "temp2", 0 0, L_0x14cf4ffc0;  1 drivers
v0x14cf4eeb0_0 .net "temp3", 0 0, L_0x14cf501a0;  1 drivers
v0x14cf4f040_0 .net "temp4", 0 0, L_0x14cf503d0;  1 drivers
    .scope S_0x14cf2b3e0;
T_0 ;
    %vpi_call/w 3 36 "$dumpfile", "wave.vcd" {0 0 0};
    %vpi_call/w 3 37 "$dumpvars", 32'sb00000000000000000000000000000000, S_0x14cf2b3e0 {0 0 0};
    %pushi/vec4 0, 0, 1;
    %store/vec4 v0x14cf4f2f0_0, 0, 1;
    %pushi/vec4 0, 0, 16;
    %store/vec4 v0x14cf4fe70_0, 0, 16;
    %pushi/vec4 0, 0, 1;
    %store/vec4 v0x14cf4f410_0, 0, 1;
    %pushi/vec4 0, 0, 1;
    %store/vec4 v0x14cf4f4a0_0, 0, 1;
    %pushi/vec4 0, 0, 1;
    %store/vec4 v0x14cf4f530_0, 0, 1;
    %pushi/vec4 0, 0, 1;
    %store/vec4 v0x14cf4f5e0_0, 0, 1;
    %pushi/vec4 0, 0, 1;
    %store/vec4 v0x14cf4f690_0, 0, 1;
    %pushi/vec4 0, 0, 1;
    %store/vec4 v0x14cf4f7c0_0, 0, 1;
    %pushi/vec4 0, 0, 1;
    %store/vec4 v0x14cf4f970_0, 0, 1;
    %pushi/vec4 0, 0, 1;
    %store/vec4 v0x14cf4fa20_0, 0, 1;
    %pushi/vec4 0, 0, 1;
    %store/vec4 v0x14cf4fad0_0, 0, 1;
    %pushi/vec4 0, 0, 1;
    %store/vec4 v0x14cf4fb80_0, 0, 1;
    %pushi/vec4 0, 0, 1;
    %store/vec4 v0x14cf4f8e0_0, 0, 1;
    %pushi/vec4 0, 0, 1;
    %store/vec4 v0x14cf4fde0_0, 0, 1;
    %delay 50, 0;
    %pushi/vec4 0, 0, 1;
    %store/vec4 v0x14cf4f410_0, 0, 1;
    %pushi/vec4 0, 0, 1;
    %store/vec4 v0x14cf4f4a0_0, 0, 1;
    %pushi/vec4 0, 0, 1;
    %store/vec4 v0x14cf4f530_0, 0, 1;
    %pushi/vec4 0, 0, 1;
    %store/vec4 v0x14cf4f5e0_0, 0, 1;
    %pushi/vec4 0, 0, 1;
    %store/vec4 v0x14cf4f690_0, 0, 1;
    %pushi/vec4 0, 0, 1;
    %store/vec4 v0x14cf4f7c0_0, 0, 1;
    %pushi/vec4 0, 0, 1;
    %store/vec4 v0x14cf4f970_0, 0, 1;
    %pushi/vec4 0, 0, 1;
    %store/vec4 v0x14cf4fa20_0, 0, 1;
    %pushi/vec4 0, 0, 1;
    %store/vec4 v0x14cf4fad0_0, 0, 1;
    %pushi/vec4 0, 0, 1;
    %store/vec4 v0x14cf4fb80_0, 0, 1;
    %pushi/vec4 0, 0, 1;
    %store/vec4 v0x14cf4f8e0_0, 0, 1;
    %pushi/vec4 0, 0, 1;
    %store/vec4 v0x14cf4fde0_0, 0, 1;
    %delay 50, 0;
    %pushi/vec4 0, 0, 1;
    %store/vec4 v0x14cf4f410_0, 0, 1;
    %pushi/vec4 0, 0, 1;
    %store/vec4 v0x14cf4f4a0_0, 0, 1;
    %pushi/vec4 1, 0, 1;
    %store/vec4 v0x14cf4f530_0, 0, 1;
    %pushi/vec4 0, 0, 1;
    %store/vec4 v0x14cf4f5e0_0, 0, 1;
    %pushi/vec4 0, 0, 1;
    %store/vec4 v0x14cf4f690_0, 0, 1;
    %pushi/vec4 0, 0, 1;
    %store/vec4 v0x14cf4f7c0_0, 0, 1;
    %pushi/vec4 0, 0, 1;
    %store/vec4 v0x14cf4f970_0, 0, 1;
    %pushi/vec4 0, 0, 1;
    %store/vec4 v0x14cf4fa20_0, 0, 1;
    %pushi/vec4 0, 0, 1;
    %store/vec4 v0x14cf4fad0_0, 0, 1;
    %pushi/vec4 1, 0, 1;
    %store/vec4 v0x14cf4fb80_0, 0, 1;
    %pushi/vec4 0, 0, 1;
    %store/vec4 v0x14cf4f8e0_0, 0, 1;
    %pushi/vec4 0, 0, 1;
    %store/vec4 v0x14cf4fde0_0, 0, 1;
    %delay 50, 0;
    %pushi/vec4 0, 0, 1;
    %store/vec4 v0x14cf4f410_0, 0, 1;
    %pushi/vec4 1, 0, 1;
    %store/vec4 v0x14cf4f4a0_0, 0, 1;
    %pushi/vec4 0, 0, 1;
    %store/vec4 v0x14cf4f530_0, 0, 1;
    %pushi/vec4 0, 0, 1;
    %store/vec4 v0x14cf4f5e0_0, 0, 1;
    %pushi/vec4 0, 0, 1;
    %store/vec4 v0x14cf4f690_0, 0, 1;
    %pushi/vec4 1, 0, 1;
    %store/vec4 v0x14cf4f7c0_0, 0, 1;
    %pushi/vec4 0, 0, 1;
    %store/vec4 v0x14cf4f970_0, 0, 1;
    %pushi/vec4 0, 0, 1;
    %store/vec4 v0x14cf4fa20_0, 0, 1;
    %pushi/vec4 1, 0, 1;
    %store/vec4 v0x14cf4fad0_0, 0, 1;
    %pushi/vec4 0, 0, 1;
    %store/vec4 v0x14cf4fb80_0, 0, 1;
    %pushi/vec4 0, 0, 1;
    %store/vec4 v0x14cf4f8e0_0, 0, 1;
    %pushi/vec4 0, 0, 1;
    %store/vec4 v0x14cf4fde0_0, 0, 1;
    %delay 50, 0;
    %pushi/vec4 0, 0, 1;
    %store/vec4 v0x14cf4f410_0, 0, 1;
    %pushi/vec4 1, 0, 1;
    %store/vec4 v0x14cf4f4a0_0, 0, 1;
    %pushi/vec4 1, 0, 1;
    %store/vec4 v0x14cf4f530_0, 0, 1;
    %pushi/vec4 0, 0, 1;
    %store/vec4 v0x14cf4f5e0_0, 0, 1;
    %pushi/vec4 0, 0, 1;
    %store/vec4 v0x14cf4f690_0, 0, 1;
    %pushi/vec4 1, 0, 1;
    %store/vec4 v0x14cf4f7c0_0, 0, 1;
    %pushi/vec4 0, 0, 1;
    %store/vec4 v0x14cf4f970_0, 0, 1;
    %pushi/vec4 0, 0, 1;
    %store/vec4 v0x14cf4fa20_0, 0, 1;
    %pushi/vec4 1, 0, 1;
    %store/vec4 v0x14cf4fad0_0, 0, 1;
    %pushi/vec4 1, 0, 1;
    %store/vec4 v0x14cf4fb80_0, 0, 1;
    %pushi/vec4 0, 0, 1;
    %store/vec4 v0x14cf4f8e0_0, 0, 1;
    %pushi/vec4 1, 0, 1;
    %store/vec4 v0x14cf4fde0_0, 0, 1;
    %delay 50, 0;
    %pushi/vec4 0, 0, 1;
    %store/vec4 v0x14cf4f410_0, 0, 1;
    %pushi/vec4 0, 0, 1;
    %store/vec4 v0x14cf4f4a0_0, 0, 1;
    %pushi/vec4 0, 0, 1;
    %store/vec4 v0x14cf4f530_0, 0, 1;
    %pushi/vec4 0, 0, 1;
    %store/vec4 v0x14cf4f5e0_0, 0, 1;
    %pushi/vec4 0, 0, 1;
    %store/vec4 v0x14cf4f690_0, 0, 1;
    %pushi/vec4 0, 0, 1;
    %store/vec4 v0x14cf4f7c0_0, 0, 1;
    %pushi/vec4 0, 0, 1;
    %store/vec4 v0x14cf4f970_0, 0, 1;
    %pushi/vec4 1, 0, 1;
    %store/vec4 v0x14cf4fa20_0, 0, 1;
    %pushi/vec4 0, 0, 1;
    %store/vec4 v0x14cf4fad0_0, 0, 1;
    %pushi/vec4 0, 0, 1;
    %store/vec4 v0x14cf4fb80_0, 0, 1;
    %pushi/vec4 0, 0, 1;
    %store/vec4 v0x14cf4f8e0_0, 0, 1;
    %pushi/vec4 0, 0, 1;
    %store/vec4 v0x14cf4fde0_0, 0, 1;
    %delay 50, 0;
    %pushi/vec4 1, 0, 1;
    %store/vec4 v0x14cf4f410_0, 0, 1;
    %pushi/vec4 0, 0, 1;
    %store/vec4 v0x14cf4f4a0_0, 0, 1;
    %pushi/vec4 1, 0, 1;
    %store/vec4 v0x14cf4f530_0, 0, 1;
    %pushi/vec4 0, 0, 1;
    %store/vec4 v0x14cf4f5e0_0, 0, 1;
    %pushi/vec4 1, 0, 1;
    %store/vec4 v0x14cf4f690_0, 0, 1;
    %pushi/vec4 0, 0, 1;
    %store/vec4 v0x14cf4f7c0_0, 0, 1;
    %pushi/vec4 0, 0, 1;
    %store/vec4 v0x14cf4f970_0, 0, 1;
    %pushi/vec4 1, 0, 1;
    %store/vec4 v0x14cf4fa20_0, 0, 1;
    %pushi/vec4 0, 0, 1;
    %store/vec4 v0x14cf4fad0_0, 0, 1;
    %pushi/vec4 1, 0, 1;
    %store/vec4 v0x14cf4fb80_0, 0, 1;
    %pushi/vec4 0, 0, 1;
    %store/vec4 v0x14cf4f8e0_0, 0, 1;
    %pushi/vec4 0, 0, 1;
    %store/vec4 v0x14cf4fde0_0, 0, 1;
    %delay 50, 0;
    %pushi/vec4 1, 0, 1;
    %store/vec4 v0x14cf4f410_0, 0, 1;
    %pushi/vec4 1, 0, 1;
    %store/vec4 v0x14cf4f4a0_0, 0, 1;
    %pushi/vec4 0, 0, 1;
    %store/vec4 v0x14cf4f530_0, 0, 1;
    %pushi/vec4 0, 0, 1;
    %store/vec4 v0x14cf4f5e0_0, 0, 1;
    %pushi/vec4 1, 0, 1;
    %store/vec4 v0x14cf4f690_0, 0, 1;
    %pushi/vec4 1, 0, 1;
    %store/vec4 v0x14cf4f7c0_0, 0, 1;
    %pushi/vec4 0, 0, 1;
    %store/vec4 v0x14cf4f970_0, 0, 1;
    %pushi/vec4 1, 0, 1;
    %store/vec4 v0x14cf4fa20_0, 0, 1;
    %pushi/vec4 1, 0, 1;
    %store/vec4 v0x14cf4fad0_0, 0, 1;
    %pushi/vec4 0, 0, 1;
    %store/vec4 v0x14cf4fb80_0, 0, 1;
    %pushi/vec4 0, 0, 1;
    %store/vec4 v0x14cf4f8e0_0, 0, 1;
    %pushi/vec4 0, 0, 1;
    %store/vec4 v0x14cf4fde0_0, 0, 1;
    %delay 50, 0;
    %pushi/vec4 1, 0, 1;
    %store/vec4 v0x14cf4f410_0, 0, 1;
    %pushi/vec4 1, 0, 1;
    %store/vec4 v0x14cf4f4a0_0, 0, 1;
    %pushi/vec4 1, 0, 1;
    %store/vec4 v0x14cf4f530_0, 0, 1;
    %pushi/vec4 0, 0, 1;
    %store/vec4 v0x14cf4f5e0_0, 0, 1;
    %pushi/vec4 1, 0, 1;
    %store/vec4 v0x14cf4f690_0, 0, 1;
    %pushi/vec4 1, 0, 1;
    %store/vec4 v0x14cf4f7c0_0, 0, 1;
    %pushi/vec4 0, 0, 1;
    %store/vec4 v0x14cf4f970_0, 0, 1;
    %pushi/vec4 1, 0, 1;
    %store/vec4 v0x14cf4fa20_0, 0, 1;
    %pushi/vec4 1, 0, 1;
    %store/vec4 v0x14cf4fad0_0, 0, 1;
    %pushi/vec4 1, 0, 1;
    %store/vec4 v0x14cf4fb80_0, 0, 1;
    %pushi/vec4 1, 0, 1;
    %store/vec4 v0x14cf4f8e0_0, 0, 1;
    %pushi/vec4 1, 0, 1;
    %store/vec4 v0x14cf4fde0_0, 0, 1;
    %delay 50, 0;
    %pushi/vec4 1, 0, 1;
    %store/vec4 v0x14cf4f410_0, 0, 1;
    %pushi/vec4 0, 0, 1;
    %store/vec4 v0x14cf4f4a0_0, 0, 1;
    %pushi/vec4 0, 0, 1;
    %store/vec4 v0x14cf4f530_0, 0, 1;
    %pushi/vec4 1, 0, 1;
    %store/vec4 v0x14cf4f5e0_0, 0, 1;
    %pushi/vec4 1, 0, 1;
    %store/vec4 v0x14cf4f690_0, 0, 1;
    %pushi/vec4 0, 0, 1;
    %store/vec4 v0x14cf4f7c0_0, 0, 1;
    %pushi/vec4 1, 0, 1;
    %store/vec4 v0x14cf4f970_0, 0, 1;
    %pushi/vec4 0, 0, 1;
    %store/vec4 v0x14cf4fa20_0, 0, 1;
    %pushi/vec4 0, 0, 1;
    %store/vec4 v0x14cf4fad0_0, 0, 1;
    %pushi/vec4 0, 0, 1;
    %store/vec4 v0x14cf4fb80_0, 0, 1;
    %pushi/vec4 0, 0, 1;
    %store/vec4 v0x14cf4f8e0_0, 0, 1;
    %pushi/vec4 0, 0, 1;
    %store/vec4 v0x14cf4fde0_0, 0, 1;
    %delay 50, 0;
    %pushi/vec4 0, 0, 1;
    %store/vec4 v0x14cf4f410_0, 0, 1;
    %pushi/vec4 0, 0, 1;
    %store/vec4 v0x14cf4f4a0_0, 0, 1;
    %pushi/vec4 1, 0, 1;
    %store/vec4 v0x14cf4f530_0, 0, 1;
    %pushi/vec4 1, 0, 1;
    %store/vec4 v0x14cf4f5e0_0, 0, 1;
    %pushi/vec4 0, 0, 1;
    %store/vec4 v0x14cf4f690_0, 0, 1;
    %pushi/vec4 0, 0, 1;
    %store/vec4 v0x14cf4f7c0_0, 0, 1;
    %pushi/vec4 1, 0, 1;
    %store/vec4 v0x14cf4f970_0, 0, 1;
    %pushi/vec4 0, 0, 1;
    %store/vec4 v0x14cf4fa20_0, 0, 1;
    %pushi/vec4 0, 0, 1;
    %store/vec4 v0x14cf4fad0_0, 0, 1;
    %pushi/vec4 1, 0, 1;
    %store/vec4 v0x14cf4fb80_0, 0, 1;
    %pushi/vec4 0, 0, 1;
    %store/vec4 v0x14cf4f8e0_0, 0, 1;
    %pushi/vec4 0, 0, 1;
    %store/vec4 v0x14cf4fde0_0, 0, 1;
    %delay 50, 0;
    %pushi/vec4 0, 0, 1;
    %store/vec4 v0x14cf4f410_0, 0, 1;
    %pushi/vec4 1, 0, 1;
    %store/vec4 v0x14cf4f4a0_0, 0, 1;
    %pushi/vec4 0, 0, 1;
    %store/vec4 v0x14cf4f530_0, 0, 1;
    %pushi/vec4 1, 0, 1;
    %store/vec4 v0x14cf4f5e0_0, 0, 1;
    %pushi/vec4 0, 0, 1;
    %store/vec4 v0x14cf4f690_0, 0, 1;
    %pushi/vec4 1, 0, 1;
    %store/vec4 v0x14cf4f7c0_0, 0, 1;
    %pushi/vec4 1, 0, 1;
    %store/vec4 v0x14cf4f970_0, 0, 1;
    %pushi/vec4 0, 0, 1;
    %store/vec4 v0x14cf4fa20_0, 0, 1;
    %pushi/vec4 1, 0, 1;
    %store/vec4 v0x14cf4fad0_0, 0, 1;
    %pushi/vec4 0, 0, 1;
    %store/vec4 v0x14cf4fb80_0, 0, 1;
    %pushi/vec4 0, 0, 1;
    %store/vec4 v0x14cf4f8e0_0, 0, 1;
    %pushi/vec4 0, 0, 1;
    %store/vec4 v0x14cf4fde0_0, 0, 1;
    %delay 50, 0;
    %pushi/vec4 0, 0, 1;
    %store/vec4 v0x14cf4f410_0, 0, 1;
    %pushi/vec4 1, 0, 1;
    %store/vec4 v0x14cf4f4a0_0, 0, 1;
    %pushi/vec4 1, 0, 1;
    %store/vec4 v0x14cf4f530_0, 0, 1;
    %pushi/vec4 1, 0, 1;
    %store/vec4 v0x14cf4f5e0_0, 0, 1;
    %pushi/vec4 0, 0, 1;
    %store/vec4 v0x14cf4f690_0, 0, 1;
    %pushi/vec4 1, 0, 1;
    %store/vec4 v0x14cf4f7c0_0, 0, 1;
    %pushi/vec4 1, 0, 1;
    %store/vec4 v0x14cf4f970_0, 0, 1;
    %pushi/vec4 0, 0, 1;
    %store/vec4 v0x14cf4fa20_0, 0, 1;
    %pushi/vec4 1, 0, 1;
    %store/vec4 v0x14cf4fad0_0, 0, 1;
    %pushi/vec4 1, 0, 1;
    %store/vec4 v0x14cf4fb80_0, 0, 1;
    %pushi/vec4 0, 0, 1;
    %store/vec4 v0x14cf4f8e0_0, 0, 1;
    %pushi/vec4 1, 0, 1;
    %store/vec4 v0x14cf4fde0_0, 0, 1;
    %delay 50, 0;
    %pushi/vec4 0, 0, 1;
    %store/vec4 v0x14cf4f410_0, 0, 1;
    %pushi/vec4 0, 0, 1;
    %store/vec4 v0x14cf4f4a0_0, 0, 1;
    %pushi/vec4 0, 0, 1;
    %store/vec4 v0x14cf4f530_0, 0, 1;
    %pushi/vec4 1, 0, 1;
    %store/vec4 v0x14cf4f5e0_0, 0, 1;
    %pushi/vec4 0, 0, 1;
    %store/vec4 v0x14cf4f690_0, 0, 1;
    %pushi/vec4 0, 0, 1;
    %store/vec4 v0x14cf4f7c0_0, 0, 1;
    %pushi/vec4 1, 0, 1;
    %store/vec4 v0x14cf4f970_0, 0, 1;
    %pushi/vec4 1, 0, 1;
    %store/vec4 v0x14cf4fa20_0, 0, 1;
    %pushi/vec4 0, 0, 1;
    %store/vec4 v0x14cf4fad0_0, 0, 1;
    %pushi/vec4 0, 0, 1;
    %store/vec4 v0x14cf4fb80_0, 0, 1;
    %pushi/vec4 0, 0, 1;
    %store/vec4 v0x14cf4f8e0_0, 0, 1;
    %pushi/vec4 1, 0, 1;
    %store/vec4 v0x14cf4fde0_0, 0, 1;
    %delay 50, 0;
    %pushi/vec4 1, 0, 1;
    %store/vec4 v0x14cf4f410_0, 0, 1;
    %pushi/vec4 0, 0, 1;
    %store/vec4 v0x14cf4f4a0_0, 0, 1;
    %pushi/vec4 1, 0, 1;
    %store/vec4 v0x14cf4f530_0, 0, 1;
    %pushi/vec4 1, 0, 1;
    %store/vec4 v0x14cf4f5e0_0, 0, 1;
    %pushi/vec4 1, 0, 1;
    %store/vec4 v0x14cf4f690_0, 0, 1;
    %pushi/vec4 0, 0, 1;
    %store/vec4 v0x14cf4f7c0_0, 0, 1;
    %pushi/vec4 1, 0, 1;
    %store/vec4 v0x14cf4f970_0, 0, 1;
    %pushi/vec4 1, 0, 1;
    %store/vec4 v0x14cf4fa20_0, 0, 1;
    %pushi/vec4 0, 0, 1;
    %store/vec4 v0x14cf4fad0_0, 0, 1;
    %pushi/vec4 1, 0, 1;
    %store/vec4 v0x14cf4fb80_0, 0, 1;
    %pushi/vec4 0, 0, 1;
    %store/vec4 v0x14cf4f8e0_0, 0, 1;
    %pushi/vec4 1, 0, 1;
    %store/vec4 v0x14cf4fde0_0, 0, 1;
    %delay 50, 0;
    %pushi/vec4 1, 0, 1;
    %store/vec4 v0x14cf4f410_0, 0, 1;
    %pushi/vec4 1, 0, 1;
    %store/vec4 v0x14cf4f4a0_0, 0, 1;
    %pushi/vec4 0, 0, 1;
    %store/vec4 v0x14cf4f530_0, 0, 1;
    %pushi/vec4 1, 0, 1;
    %store/vec4 v0x14cf4f5e0_0, 0, 1;
    %pushi/vec4 1, 0, 1;
    %store/vec4 v0x14cf4f690_0, 0, 1;
    %pushi/vec4 1, 0, 1;
    %store/vec4 v0x14cf4f7c0_0, 0, 1;
    %pushi/vec4 1, 0, 1;
    %store/vec4 v0x14cf4f970_0, 0, 1;
    %pushi/vec4 1, 0, 1;
    %store/vec4 v0x14cf4fa20_0, 0, 1;
    %pushi/vec4 1, 0, 1;
    %store/vec4 v0x14cf4fad0_0, 0, 1;
    %pushi/vec4 0, 0, 1;
    %store/vec4 v0x14cf4fb80_0, 0, 1;
    %pushi/vec4 1, 0, 1;
    %store/vec4 v0x14cf4f8e0_0, 0, 1;
    %pushi/vec4 1, 0, 1;
    %store/vec4 v0x14cf4fde0_0, 0, 1;
    %delay 50, 0;
    %pushi/vec4 1, 0, 1;
    %store/vec4 v0x14cf4f410_0, 0, 1;
    %pushi/vec4 1, 0, 1;
    %store/vec4 v0x14cf4f4a0_0, 0, 1;
    %pushi/vec4 1, 0, 1;
    %store/vec4 v0x14cf4f530_0, 0, 1;
    %pushi/vec4 1, 0, 1;
    %store/vec4 v0x14cf4f5e0_0, 0, 1;
    %pushi/vec4 1, 0, 1;
    %store/vec4 v0x14cf4f690_0, 0, 1;
    %pushi/vec4 1, 0, 1;
    %store/vec4 v0x14cf4f7c0_0, 0, 1;
    %pushi/vec4 1, 0, 1;
    %store/vec4 v0x14cf4f970_0, 0, 1;
    %pushi/vec4 1, 0, 1;
    %store/vec4 v0x14cf4fa20_0, 0, 1;
    %pushi/vec4 1, 0, 1;
    %store/vec4 v0x14cf4fad0_0, 0, 1;
    %pushi/vec4 1, 0, 1;
    %store/vec4 v0x14cf4fb80_0, 0, 1;
    %pushi/vec4 1, 0, 1;
    %store/vec4 v0x14cf4f8e0_0, 0, 1;
    %pushi/vec4 1, 0, 1;
    %store/vec4 v0x14cf4fde0_0, 0, 1;
    %delay 50, 0;
    %pushi/vec4 1, 0, 1;
    %store/vec4 v0x14cf4f410_0, 0, 1;
    %pushi/vec4 0, 0, 1;
    %store/vec4 v0x14cf4f4a0_0, 0, 1;
    %pushi/vec4 0, 0, 1;
    %store/vec4 v0x14cf4f530_0, 0, 1;
    %pushi/vec4 0, 0, 1;
    %store/vec4 v0x14cf4f5e0_0, 0, 1;
    %pushi/vec4 1, 0, 1;
    %store/vec4 v0x14cf4f690_0, 0, 1;
    %pushi/vec4 0, 0, 1;
    %store/vec4 v0x14cf4f7c0_0, 0, 1;
    %pushi/vec4 0, 0, 1;
    %store/vec4 v0x14cf4f970_0, 0, 1;
    %pushi/vec4 0, 0, 1;
    %store/vec4 v0x14cf4fa20_0, 0, 1;
    %pushi/vec4 0, 0, 1;
    %store/vec4 v0x14cf4fad0_0, 0, 1;
    %pushi/vec4 0, 0, 1;
    %store/vec4 v0x14cf4fb80_0, 0, 1;
    %pushi/vec4 0, 0, 1;
    %store/vec4 v0x14cf4f8e0_0, 0, 1;
    %pushi/vec4 0, 0, 1;
    %store/vec4 v0x14cf4fde0_0, 0, 1;
    %delay 50, 0;
    %pushi/vec4 0, 0, 1;
    %store/vec4 v0x14cf4f410_0, 0, 1;
    %pushi/vec4 0, 0, 1;
    %store/vec4 v0x14cf4f4a0_0, 0, 1;
    %pushi/vec4 1, 0, 1;
    %store/vec4 v0x14cf4f530_0, 0, 1;
    %pushi/vec4 0, 0, 1;
    %store/vec4 v0x14cf4f5e0_0, 0, 1;
    %pushi/vec4 0, 0, 1;
    %store/vec4 v0x14cf4f690_0, 0, 1;
    %pushi/vec4 0, 0, 1;
    %store/vec4 v0x14cf4f7c0_0, 0, 1;
    %pushi/vec4 0, 0, 1;
    %store/vec4 v0x14cf4f970_0, 0, 1;
    %pushi/vec4 0, 0, 1;
    %store/vec4 v0x14cf4fa20_0, 0, 1;
    %pushi/vec4 0, 0, 1;
    %store/vec4 v0x14cf4fad0_0, 0, 1;
    %pushi/vec4 1, 0, 1;
    %store/vec4 v0x14cf4fb80_0, 0, 1;
    %pushi/vec4 0, 0, 1;
    %store/vec4 v0x14cf4f8e0_0, 0, 1;
    %pushi/vec4 0, 0, 1;
    %store/vec4 v0x14cf4fde0_0, 0, 1;
    %delay 50, 0;
    %pushi/vec4 0, 0, 1;
    %store/vec4 v0x14cf4f410_0, 0, 1;
    %pushi/vec4 1, 0, 1;
    %store/vec4 v0x14cf4f4a0_0, 0, 1;
    %pushi/vec4 0, 0, 1;
    %store/vec4 v0x14cf4f530_0, 0, 1;
    %pushi/vec4 0, 0, 1;
    %store/vec4 v0x14cf4f5e0_0, 0, 1;
    %pushi/vec4 0, 0, 1;
    %store/vec4 v0x14cf4f690_0, 0, 1;
    %pushi/vec4 1, 0, 1;
    %store/vec4 v0x14cf4f7c0_0, 0, 1;
    %pushi/vec4 0, 0, 1;
    %store/vec4 v0x14cf4f970_0, 0, 1;
    %pushi/vec4 0, 0, 1;
    %store/vec4 v0x14cf4fa20_0, 0, 1;
    %pushi/vec4 1, 0, 1;
    %store/vec4 v0x14cf4fad0_0, 0, 1;
    %pushi/vec4 0, 0, 1;
    %store/vec4 v0x14cf4fb80_0, 0, 1;
    %pushi/vec4 0, 0, 1;
    %store/vec4 v0x14cf4f8e0_0, 0, 1;
    %pushi/vec4 0, 0, 1;
    %store/vec4 v0x14cf4fde0_0, 0, 1;
    %delay 50, 0;
    %pushi/vec4 0, 0, 1;
    %store/vec4 v0x14cf4f410_0, 0, 1;
    %pushi/vec4 1, 0, 1;
    %store/vec4 v0x14cf4f4a0_0, 0, 1;
    %pushi/vec4 1, 0, 1;
    %store/vec4 v0x14cf4f530_0, 0, 1;
    %pushi/vec4 0, 0, 1;
    %store/vec4 v0x14cf4f5e0_0, 0, 1;
    %pushi/vec4 0, 0, 1;
    %store/vec4 v0x14cf4f690_0, 0, 1;
    %pushi/vec4 1, 0, 1;
    %store/vec4 v0x14cf4f7c0_0, 0, 1;
    %pushi/vec4 0, 0, 1;
    %store/vec4 v0x14cf4f970_0, 0, 1;
    %pushi/vec4 0, 0, 1;
    %store/vec4 v0x14cf4fa20_0, 0, 1;
    %pushi/vec4 1, 0, 1;
    %store/vec4 v0x14cf4fad0_0, 0, 1;
    %pushi/vec4 1, 0, 1;
    %store/vec4 v0x14cf4fb80_0, 0, 1;
    %pushi/vec4 0, 0, 1;
    %store/vec4 v0x14cf4f8e0_0, 0, 1;
    %pushi/vec4 1, 0, 1;
    %store/vec4 v0x14cf4fde0_0, 0, 1;
    %delay 50, 0;
    %pushi/vec4 0, 0, 1;
    %store/vec4 v0x14cf4f410_0, 0, 1;
    %pushi/vec4 0, 0, 1;
    %store/vec4 v0x14cf4f4a0_0, 0, 1;
    %pushi/vec4 0, 0, 1;
    %store/vec4 v0x14cf4f530_0, 0, 1;
    %pushi/vec4 0, 0, 1;
    %store/vec4 v0x14cf4f5e0_0, 0, 1;
    %pushi/vec4 0, 0, 1;
    %store/vec4 v0x14cf4f690_0, 0, 1;
    %pushi/vec4 0, 0, 1;
    %store/vec4 v0x14cf4f7c0_0, 0, 1;
    %pushi/vec4 0, 0, 1;
    %store/vec4 v0x14cf4f970_0, 0, 1;
    %pushi/vec4 1, 0, 1;
    %store/vec4 v0x14cf4fa20_0, 0, 1;
    %pushi/vec4 0, 0, 1;
    %store/vec4 v0x14cf4fad0_0, 0, 1;
    %pushi/vec4 0, 0, 1;
    %store/vec4 v0x14cf4fb80_0, 0, 1;
    %pushi/vec4 0, 0, 1;
    %store/vec4 v0x14cf4f8e0_0, 0, 1;
    %pushi/vec4 0, 0, 1;
    %store/vec4 v0x14cf4fde0_0, 0, 1;
    %delay 50, 0;
    %pushi/vec4 1, 0, 1;
    %store/vec4 v0x14cf4f410_0, 0, 1;
    %pushi/vec4 0, 0, 1;
    %store/vec4 v0x14cf4f4a0_0, 0, 1;
    %pushi/vec4 1, 0, 1;
    %store/vec4 v0x14cf4f530_0, 0, 1;
    %pushi/vec4 0, 0, 1;
    %store/vec4 v0x14cf4f5e0_0, 0, 1;
    %pushi/vec4 1, 0, 1;
    %store/vec4 v0x14cf4f690_0, 0, 1;
    %pushi/vec4 0, 0, 1;
    %store/vec4 v0x14cf4f7c0_0, 0, 1;
    %pushi/vec4 0, 0, 1;
    %store/vec4 v0x14cf4f970_0, 0, 1;
    %pushi/vec4 1, 0, 1;
    %store/vec4 v0x14cf4fa20_0, 0, 1;
    %pushi/vec4 0, 0, 1;
    %store/vec4 v0x14cf4fad0_0, 0, 1;
    %pushi/vec4 1, 0, 1;
    %store/vec4 v0x14cf4fb80_0, 0, 1;
    %pushi/vec4 0, 0, 1;
    %store/vec4 v0x14cf4f8e0_0, 0, 1;
    %pushi/vec4 0, 0, 1;
    %store/vec4 v0x14cf4fde0_0, 0, 1;
    %delay 50, 0;
    %pushi/vec4 1, 0, 1;
    %store/vec4 v0x14cf4f410_0, 0, 1;
    %pushi/vec4 1, 0, 1;
    %store/vec4 v0x14cf4f4a0_0, 0, 1;
    %pushi/vec4 0, 0, 1;
    %store/vec4 v0x14cf4f530_0, 0, 1;
    %pushi/vec4 0, 0, 1;
    %store/vec4 v0x14cf4f5e0_0, 0, 1;
    %pushi/vec4 1, 0, 1;
    %store/vec4 v0x14cf4f690_0, 0, 1;
    %pushi/vec4 1, 0, 1;
    %store/vec4 v0x14cf4f7c0_0, 0, 1;
    %pushi/vec4 0, 0, 1;
    %store/vec4 v0x14cf4f970_0, 0, 1;
    %pushi/vec4 1, 0, 1;
    %store/vec4 v0x14cf4fa20_0, 0, 1;
    %pushi/vec4 1, 0, 1;
    %store/vec4 v0x14cf4fad0_0, 0, 1;
    %pushi/vec4 0, 0, 1;
    %store/vec4 v0x14cf4fb80_0, 0, 1;
    %pushi/vec4 0, 0, 1;
    %store/vec4 v0x14cf4f8e0_0, 0, 1;
    %pushi/vec4 0, 0, 1;
    %store/vec4 v0x14cf4fde0_0, 0, 1;
    %delay 50, 0;
    %pushi/vec4 1, 0, 1;
    %store/vec4 v0x14cf4f410_0, 0, 1;
    %pushi/vec4 1, 0, 1;
    %store/vec4 v0x14cf4f4a0_0, 0, 1;
    %pushi/vec4 1, 0, 1;
    %store/vec4 v0x14cf4f530_0, 0, 1;
    %pushi/vec4 0, 0, 1;
    %store/vec4 v0x14cf4f5e0_0, 0, 1;
    %pushi/vec4 1, 0, 1;
    %store/vec4 v0x14cf4f690_0, 0, 1;
    %pushi/vec4 1, 0, 1;
    %store/vec4 v0x14cf4f7c0_0, 0, 1;
    %pushi/vec4 0, 0, 1;
    %store/vec4 v0x14cf4f970_0, 0, 1;
    %pushi/vec4 1, 0, 1;
    %store/vec4 v0x14cf4fa20_0, 0, 1;
    %pushi/vec4 1, 0, 1;
    %store/vec4 v0x14cf4fad0_0, 0, 1;
    %pushi/vec4 1, 0, 1;
    %store/vec4 v0x14cf4fb80_0, 0, 1;
    %pushi/vec4 1, 0, 1;
    %store/vec4 v0x14cf4f8e0_0, 0, 1;
    %pushi/vec4 1, 0, 1;
    %store/vec4 v0x14cf4fde0_0, 0, 1;
    %delay 50, 0;
    %event E_0x14cf08f50;
    %end;
    .thread T_0;
    .scope S_0x14cf2b3e0;
T_1 ;
    %wait E_0x14cf0a410;
    %load/vec4 v0x14cf4f850_0;
    %load/vec4 v0x14cf4f8e0_0;
    %xor;
    %flag_set/vec4 8;
    %jmp/1 T_1.2, 8;
    %load/vec4 v0x14cf4fc30_0;
    %load/vec4 v0x14cf4fde0_0;
    %xor;
    %flag_set/vec4 9;
    %flag_or 8, 9;
T_1.2;
    %jmp/0xz  T_1.0, 8;
    %pushi/vec4 1, 0, 1;
    %store/vec4 v0x14cf4f2f0_0, 0, 1;
    %load/vec4 v0x14cf4fe70_0;
    %pad/u 32;
    %cmpi/e 0, 0, 32;
    %flag_mov 8, 4;
    %jmp/0 T_1.3, 8;
    %vpi_func 3 78 "$time" 64 {0 0 0};
    %jmp/1 T_1.4, 8;
T_1.3 ; End of true expr.
    %load/vec4 v0x14cf4fe70_0;
    %pad/u 64;
    %jmp/0 T_1.4, 8;
 ; End of false expr.
    %blend;
T_1.4;
    %pad/u 16;
    %store/vec4 v0x14cf4fe70_0, 0, 16;
T_1.0 ;
    %jmp T_1;
    .thread T_1;
    .scope S_0x14cf2b3e0;
T_2 ;
    %wait E_0x14cf08f50;
    %vpi_call/w 3 84 "$display", "###################################################" {0 0 0};
    %load/vec4 v0x14cf4f2f0_0;
    %flag_set/vec4 8;
    %jmp/0xz  T_2.0, 8;
    %vpi_call/w 3 87 "$display", "Result: FAIL" {0 0 0};
    %vpi_call/w 3 88 "$display", "First error at t=%-4d", v0x14cf4fe70_0 {0 0 0};
    %jmp T_2.1;
T_2.0 ;
    %vpi_call/w 3 90 "$display", "Result: PASS" {0 0 0};
T_2.1 ;
    %vpi_call/w 3 91 "$display", "###################################################" {0 0 0};
    %vpi_call/w 3 92 "$finish" {0 0 0};
    %end;
    .thread T_2;
    .scope S_0x14cf2b3e0;
T_3 ;
    %vpi_call/w 3 98 "$monitor", "t=%-4d: p1y = %d, p2y = %d", $time, v0x14cf4f850_0, v0x14cf4fc30_0 {0 0 0};
    %end;
    .thread T_3;
# The file index is used to find the file name in the following table.
:file_names 5;
    "N/A";
    "<interactive>";
    "-";
    "chip_7458_tb.v";
    "chip_7458.v";
